<?xml version="1.0" encoding="UTF-8"?>
<!-- Generated by org.testng.reporters.JUnitXMLReporter -->
<testsuite ignored="0" hostname="DESKTOP-TDJ19HC" failures="1" tests="3" name="Testngj" time="22.924" errors="0" timestamp="2023-05-30T18:44:22 IST">
  <testcase classname="com.amazonrun.AmazonRun" name="browserInvo" time="10.672"/>
  <testcase classname="com.amazonrun.AmazonRun" name="logInPagee" time="3.916"/>
  <testcase classname="com.amazonrun.AmazonRun" name="signOuttttt" time="8.257">
    <failure type="org.openqa.selenium.ElementClickInterceptedException" message="element click intercepted: Element &amp;lt;span class=&amp;quot;a-dropdown-container&amp;quot;&amp;gt;...&amp;lt;/span&amp;gt; is not clickable at point (1394, 117). Other element would receive the click: &amp;lt;a tabindex=&amp;quot;-1&amp;quot; href=&amp;quot;javascript:void(0)&amp;quot; aria-hidden=&amp;quot;true&amp;quot; data-value=&amp;quot;{&amp;amp;quot;stringVal&amp;amp;quot;:&amp;amp;quot;relevanceblender&amp;amp;quot;}&amp;quot; id=&amp;quot;s-result-sort-select_0&amp;quot; class=&amp;quot;a-dropdown-link a-active&amp;quot;&amp;gt;...&amp;lt;/a&amp;gt;
  (Session info: MicrosoftEdge=113.0.1774.57)
Build info: version: &amp;apos;4.9.1&amp;apos;, revision: &amp;apos;eb2032df7f&amp;apos;
System info: os.name: &amp;apos;Windows 11&amp;apos;, os.arch: &amp;apos;amd64&amp;apos;, os.version: &amp;apos;10.0&amp;apos;, java.version: &amp;apos;20.0.1&amp;apos;
Driver info: org.openqa.selenium.edge.EdgeDriver
Command: [7f9ca8f562dbf86232816e156b907033, clickElement {id=CFEF97074646844D54CF8E696EE533CE_element_140}]
Capabilities {acceptInsecureCerts: false, browserName: msedge, browserVersion: 113.0.1774.57, ms:edgeOptions: {debuggerAddress: localhost:60839}, msedge: {msedgedriverVersion: 113.0.1774.57 (b3b212deff59..., userDataDir: C:\Users\gandh\AppData\Loca...}, networkConnectionEnabled: false, pageLoadStrategy: normal, platformName: windows, proxy: Proxy(), se:cdp: ws://localhost:60839/devtoo..., se:cdpVersion: 113.0.1774.57, setWindowRect: true, strictFileInteractability: false, timeouts: {implicit: 0, pageLoad: 300000, script: 30000}, unhandledPromptBehavior: dismiss and notify, webauthn:extension:credBlob: true, webauthn:extension:largeBlob: true, webauthn:extension:minPinLength: true, webauthn:extension:prf: true, webauthn:virtualAuthenticators: true}
Element: [[EdgeDriver: msedge on windows (7f9ca8f562dbf86232816e156b907033)] -&amp;gt; class name: a-dropdown-container]
Session ID: 7f9ca8f562dbf86232816e156b907033">
      <![CDATA[org.openqa.selenium.ElementClickInterceptedException: element click intercepted: Element <span class="a-dropdown-container">...</span> is not clickable at point (1394, 117). Other element would receive the click: <a tabindex="-1" href="javascript:void(0)" aria-hidden="true" data-value="{&quot;stringVal&quot;:&quot;relevanceblender&quot;}" id="s-result-sort-select_0" class="a-dropdown-link a-active">...</a>
  (Session info: MicrosoftEdge=113.0.1774.57)
Build info: version: '4.9.1', revision: 'eb2032df7f'
System info: os.name: 'Windows 11', os.arch: 'amd64', os.version: '10.0', java.version: '20.0.1'
Driver info: org.openqa.selenium.edge.EdgeDriver
Command: [7f9ca8f562dbf86232816e156b907033, clickElement {id=CFEF97074646844D54CF8E696EE533CE_element_140}]
Capabilities {acceptInsecureCerts: false, browserName: msedge, browserVersion: 113.0.1774.57, ms:edgeOptions: {debuggerAddress: localhost:60839}, msedge: {msedgedriverVersion: 113.0.1774.57 (b3b212deff59..., userDataDir: C:\Users\gandh\AppData\Loca...}, networkConnectionEnabled: false, pageLoadStrategy: normal, platformName: windows, proxy: Proxy(), se:cdp: ws://localhost:60839/devtoo..., se:cdpVersion: 113.0.1774.57, setWindowRect: true, strictFileInteractability: false, timeouts: {implicit: 0, pageLoad: 300000, script: 30000}, unhandledPromptBehavior: dismiss and notify, webauthn:extension:credBlob: true, webauthn:extension:largeBlob: true, webauthn:extension:minPinLength: true, webauthn:extension:prf: true, webauthn:virtualAuthenticators: true}
Element: [[EdgeDriver: msedge on windows (7f9ca8f562dbf86232816e156b907033)] -> class name: a-dropdown-container]
Session ID: 7f9ca8f562dbf86232816e156b907033
at org.openqa.selenium.remote.codec.w3c.W3CHttpResponseCodec.createException(W3CHttpResponseCodec.java:200)
at org.openqa.selenium.remote.codec.w3c.W3CHttpResponseCodec.decode(W3CHttpResponseCodec.java:133)
at org.openqa.selenium.remote.codec.w3c.W3CHttpResponseCodec.decode(W3CHttpResponseCodec.java:53)
at org.openqa.selenium.remote.HttpCommandExecutor.execute(HttpCommandExecutor.java:193)
at org.openqa.selenium.remote.service.DriverCommandExecutor.invokeExecute(DriverCommandExecutor.java:183)
at org.openqa.selenium.remote.service.DriverCommandExecutor.execute(DriverCommandExecutor.java:158)
at org.openqa.selenium.remote.RemoteWebDriver.execute(RemoteWebDriver.java:543)
at org.openqa.selenium.remote.RemoteWebElement.execute(RemoteWebElement.java:257)
at org.openqa.selenium.remote.RemoteWebElement.click(RemoteWebElement.java:78)
at reusable.SortOut.sort(SortOut.java:30)
at com.amazonrun.AmazonRun.signOuttttt(AmazonRun.java:42)
at java.base/java.util.ArrayList.forEach(ArrayList.java:1511)
at com.intellij.rt.testng.IDEARemoteTestNG.run(IDEARemoteTestNG.java:66)
at com.intellij.rt.testng.RemoteTestNGStarter.main(RemoteTestNGStarter.java:109)
... Removed 25 stack frames]]>
    </failure>
  </testcase> <!-- signOuttttt -->
</testsuite> <!-- Testngj -->
