<?xml version="1.0" encoding="UTF-8"?>
<testng-results ignored="0" total="3" passed="3" failed="0" skipped="0">
  <reporter-output>
  </reporter-output>
  <suite started-at="2023-05-13T20:13:41 IST" name="Default Suite" finished-at="2023-05-13T20:13:41 IST" duration-ms="106">
    <groups>
    </groups>
    <test started-at="2023-05-13T20:13:41 IST" name="untitled" finished-at="2023-05-13T20:13:41 IST" duration-ms="106">
      <class name="TesNg">
        <test-method signature="test()[pri:1, instance:TesNg@71c8becc]" started-at="2023-05-13T20:13:41 IST" name="test" finished-at="2023-05-13T20:13:41 IST" duration-ms="15" status="PASS">
          <reporter-output>
          </reporter-output>
        </test-method> <!-- test -->
        <test-method signature="setup()[pri:2, instance:TesNg@71c8becc]" started-at="2023-05-13T20:13:41 IST" name="setup" finished-at="2023-05-13T20:13:41 IST" duration-ms="1" status="PASS">
          <reporter-output>
          </reporter-output>
        </test-method> <!-- setup -->
        <test-method signature="urname()[pri:3, instance:TesNg@71c8becc]" started-at="2023-05-13T20:13:41 IST" name="urname" finished-at="2023-05-13T20:13:41 IST" duration-ms="1" status="PASS">
          <reporter-output>
          </reporter-output>
        </test-method> <!-- urname -->
      </class> <!-- TesNg -->
    </test> <!-- untitled -->
  </suite> <!-- Default Suite -->
</testng-results>
